[2019-03-28 18:53:39] ppr.INFO: Kernel ha sido lanzado [] []
[2019-03-28 19:01:31] ppr.INFO: Kernel ha sido lanzado [] []
[2019-03-29 11:03:07] ppr.INFO: Kernel ha sido lanzado [] []
[2019-03-29 11:03:25] ppr.INFO: Kernel ha sido lanzado [] []
[2019-03-29 11:03:42] ppr.INFO: Kernel ha sido lanzado [] []
[2019-03-29 11:04:04] ppr.INFO: Kernel ha sido lanzado [] []
[2019-03-29 11:04:15] ppr.INFO: Kernel ha sido lanzado [] []
[2019-03-29 11:04:40] ppr.INFO: Kernel ha sido lanzado [] []
[2019-03-29 11:05:00] ppr.INFO: Kernel ha sido lanzado [] []
[2019-03-29 11:05:12] ppr.INFO: Kernel ha sido lanzado [] []
[2019-03-29 11:05:23] ppr.INFO: Kernel ha sido lanzado [] []
[2019-03-29 11:05:44] ppr.INFO: Kernel ha sido lanzado [] []
[2019-03-29 13:06:55] ppr.INFO: Kernel ha sido lanzado [] []
[2019-03-29 13:07:33] ppr.INFO: Kernel ha sido lanzado [] []
[2019-03-29 13:07:43] ppr.INFO: Kernel ha sido lanzado [] []
[2019-03-29 13:08:11] ppr.INFO: Kernel ha sido lanzado [] []
[2019-03-29 13:10:16] ppr.INFO: Kernel ha sido lanzado [] []
[2019-03-29 13:11:00] ppr.INFO: Kernel ha sido lanzado [] []
[2019-03-31 15:36:12] ppr.INFO: Kernel ha sido lanzado [] []
[2019-03-31 15:37:23] ppr.INFO: Kernel ha sido lanzado [] []
[2019-03-31 15:38:51] ppr.INFO: Kernel ha sido lanzado [] []
[2019-03-31 15:39:00] ppr.INFO: Kernel ha sido lanzado [] []
[2019-03-31 15:39:19] ppr.INFO: Kernel ha sido lanzado [] []
[2019-03-31 15:39:22] ppr.INFO: Kernel ha sido lanzado [] []
[2019-03-31 15:40:13] ppr.INFO: Kernel ha sido lanzado [] []
[2019-03-31 15:40:19] ppr.INFO: Kernel ha sido lanzado [] []
[2019-03-31 16:34:33] ppr.INFO: Kernel ha sido lanzado [] []
[2019-03-31 16:34:33] ppr.INFO: Ruta solicitada:  {"Controlador":null,"Accion":"index"} []
[2019-03-31 16:34:47] ppr.INFO: Kernel ha sido lanzado [] []
[2019-03-31 16:34:47] ppr.INFO: Ruta solicitada:  {"Controlador":null,"Accion":"index"} []
[2019-03-31 16:37:05] ppr.INFO: Kernel ha sido lanzado [] []
[2019-03-31 16:37:05] ppr.INFO: Ruta solicitada:  {"Controlador":null,"Accion":"index"} []
[2019-03-31 16:37:10] ppr.INFO: Kernel ha sido lanzado [] []
[2019-03-31 16:37:10] ppr.INFO: Ruta solicitada:  {"Controlador":null,"Accion":"index"} []
[2019-03-31 16:37:14] ppr.INFO: Kernel ha sido lanzado [] []
[2019-03-31 16:37:14] ppr.INFO: Ruta solicitada:  {"Controlador":null,"Accion":"index"} []
[2019-03-31 17:21:18] ppr.INFO: Kernel ha sido lanzado [] []
[2019-03-31 17:21:18] ppr.INFO: Ruta solicitada:  {"Controlador":null,"Accion":"index"} []
[2019-03-31 17:22:44] ppr.INFO: Kernel ha sido lanzado [] []
[2019-03-31 17:22:44] ppr.INFO: Ruta solicitada:  {"Controlador":null,"Accion":"index"} []
[2019-04-01 10:18:00] ppr.INFO: Kernel ha sido lanzado [] []
[2019-04-01 10:18:00] ppr.INFO: Ruta solicitada:  {"Controlador":null,"Accion":"index"} []
[2019-04-01 10:18:03] ppr.INFO: Kernel ha sido lanzado [] []
[2019-04-01 10:18:03] ppr.INFO: Ruta solicitada:  {"Controlador":null,"Accion":"index"} []
[2019-04-01 10:18:15] ppr.INFO: Kernel ha sido lanzado [] []
[2019-04-01 10:18:15] ppr.INFO: Ruta solicitada:  {"Controlador":null,"Accion":"id"} []
[2019-04-01 10:18:18] ppr.INFO: Kernel ha sido lanzado [] []
[2019-04-01 10:18:18] ppr.INFO: Ruta solicitada:  {"Controlador":null,"Accion":"index"} []
[2019-04-01 11:30:22] ppr.INFO: Kernel ha sido lanzado [] []
[2019-04-01 11:30:22] ppr.INFO: Ruta solicitada:  {"Controlador":null,"Accion":"index"} []
[2019-04-01 11:31:06] ppr.INFO: Kernel ha sido lanzado [] []
[2019-04-01 11:31:06] ppr.INFO: Ruta solicitada:  {"Controlador":null,"Accion":"index"} []
[2019-04-01 11:32:00] ppr.INFO: Kernel ha sido lanzado [] []
[2019-04-01 11:32:00] ppr.INFO: Ruta solicitada:  {"Controlador":null,"Accion":"index"} []
[2019-04-01 11:32:12] ppr.INFO: Kernel ha sido lanzado [] []
[2019-04-01 11:32:12] ppr.INFO: Ruta solicitada:  {"Controlador":null,"Accion":"index"} []
[2019-04-01 11:35:00] ppr.INFO: Kernel ha sido lanzado [] []
[2019-04-01 11:35:00] ppr.INFO: Ruta solicitada:  {"Controlador":null,"Accion":"index"} []
[2019-04-01 11:35:18] ppr.INFO: Kernel ha sido lanzado [] []
[2019-04-01 11:35:18] ppr.INFO: Ruta solicitada:  {"Controlador":null,"Accion":"index"} []
[2019-04-01 11:42:19] ppr.INFO: Kernel ha sido lanzado [] []
[2019-04-01 11:42:19] ppr.INFO: Ruta solicitada:  {"Controlador":null,"Accion":"index"} []
[2019-04-01 11:49:15] ppr.INFO: Kernel ha sido lanzado [] []
[2019-04-01 11:49:15] ppr.INFO: Ruta solicitada:  {"Controlador":null,"Accion":"index"} []
[2019-04-01 11:49:30] ppr.INFO: Kernel ha sido lanzado [] []
[2019-04-01 11:49:30] ppr.INFO: Ruta solicitada:  {"Controlador":null,"Accion":"index"} []
[2019-04-01 11:57:40] ppr.INFO: Kernel ha sido lanzado [] []
[2019-04-01 11:57:40] ppr.INFO: Ruta solicitada:  {"Controlador":null,"Accion":"index"} []
[2019-04-01 11:57:49] ppr.INFO: Kernel ha sido lanzado [] []
[2019-04-01 11:57:49] ppr.INFO: Ruta solicitada:  {"Controlador":null,"Accion":"index"} []
[2019-04-03 12:39:06] ppr.INFO: Kernel ha sido lanzado [] []
[2019-04-03 12:39:06] ppr.INFO: Ruta solicitada:  {"Controlador":null,"Accion":"index"} []
[2019-04-03 12:40:46] ppr.INFO: Kernel ha sido lanzado [] []
[2019-04-03 12:40:46] ppr.INFO: Ruta solicitada:  {"Controlador":null,"Accion":"index"} []
[2019-04-03 12:40:58] ppr.INFO: Kernel ha sido lanzado [] []
[2019-04-03 12:40:58] ppr.INFO: Ruta solicitada:  {"Controlador":null,"Accion":"index"} []
[2019-04-03 13:21:38] ppr.INFO: Kernel ha sido lanzado [] []
[2019-04-03 13:21:38] ppr.INFO: Ruta solicitada:  {"Controlador":null,"Accion":"index"} []
[2019-04-03 13:21:51] ppr.INFO: Kernel ha sido lanzado [] []
[2019-04-03 13:21:51] ppr.INFO: Ruta solicitada:  {"Controlador":null,"Accion":"index"} []
[2019-04-03 13:22:19] ppr.INFO: Kernel ha sido lanzado [] []
[2019-04-03 13:22:19] ppr.INFO: Ruta solicitada:  {"Controlador":null,"Accion":"index"} []
[2019-04-03 13:22:28] ppr.INFO: Kernel ha sido lanzado [] []
[2019-04-03 13:22:28] ppr.INFO: Ruta solicitada:  {"Controlador":null,"Accion":"index"} []
[2019-04-03 13:23:34] ppr.INFO: Kernel ha sido lanzado [] []
[2019-04-03 13:23:34] ppr.INFO: Ruta solicitada:  {"Controlador":null,"Accion":"index"} []
[2019-04-04 10:19:49] ppr.INFO: Kernel ha sido lanzado [] []
[2019-04-04 10:19:49] ppr.INFO: Ruta solicitada:  {"Controlador":null,"Accion":"index"} []
[2019-04-04 10:19:53] ppr.INFO: Kernel ha sido lanzado [] []
[2019-04-04 10:19:53] ppr.INFO: Ruta solicitada:  {"Controlador":null,"Accion":"index"} []
[2019-04-04 10:19:57] ppr.INFO: Kernel ha sido lanzado [] []
[2019-04-04 10:19:57] ppr.INFO: Ruta solicitada:  {"Controlador":null,"Accion":"index"} []
[2019-04-04 10:24:35] ppr.INFO: Kernel ha sido lanzado [] []
[2019-04-04 10:24:35] ppr.INFO: Ruta solicitada:  {"Controlador":null,"Accion":"index"} []
[2019-04-04 10:24:36] ppr.INFO: Kernel ha sido lanzado [] []
[2019-04-04 10:24:36] ppr.INFO: Ruta solicitada:  {"Controlador":null,"Accion":"index"} []
[2019-04-04 10:24:37] ppr.INFO: Kernel ha sido lanzado [] []
[2019-04-04 10:24:37] ppr.INFO: Ruta solicitada:  {"Controlador":null,"Accion":"index"} []
[2019-04-04 10:24:40] ppr.INFO: Kernel ha sido lanzado [] []
[2019-04-04 10:24:40] ppr.INFO: Ruta solicitada:  {"Controlador":null,"Accion":"index"} []
[2019-04-04 10:24:54] ppr.INFO: Kernel ha sido lanzado [] []
[2019-04-04 10:24:54] ppr.INFO: Ruta solicitada:  {"Controlador":null,"Accion":"index"} []
[2019-04-04 10:24:59] ppr.INFO: Kernel ha sido lanzado [] []
[2019-04-04 10:24:59] ppr.INFO: Ruta solicitada:  {"Controlador":null,"Accion":"index"} []
[2019-04-04 10:25:14] ppr.INFO: Kernel ha sido lanzado [] []
[2019-04-04 10:25:14] ppr.INFO: Ruta solicitada:  {"Controlador":null,"Accion":"index"} []
[2019-04-04 10:27:45] ppr.INFO: Kernel ha sido lanzado [] []
[2019-04-04 10:27:45] ppr.INFO: Ruta solicitada:  {"Controlador":null,"Accion":"index"} []
[2019-04-04 10:28:07] ppr.INFO: Kernel ha sido lanzado [] []
[2019-04-04 10:28:07] ppr.INFO: Ruta solicitada:  {"Controlador":null,"Accion":"index"} []
[2019-04-04 10:28:11] ppr.INFO: Kernel ha sido lanzado [] []
[2019-04-04 10:28:11] ppr.INFO: Ruta solicitada:  {"Controlador":null,"Accion":"index"} []
[2019-04-04 10:28:40] ppr.INFO: Kernel ha sido lanzado [] []
[2019-04-04 10:28:40] ppr.INFO: Ruta solicitada:  {"Controlador":null,"Accion":"index"} []
[2019-04-04 10:31:36] ppr.INFO: Kernel ha sido lanzado [] []
[2019-04-04 10:31:36] ppr.INFO: Ruta solicitada:  {"Controlador":null,"Accion":"index"} []
[2019-04-04 10:32:00] ppr.INFO: Kernel ha sido lanzado [] []
[2019-04-04 10:32:00] ppr.INFO: Ruta solicitada:  {"Controlador":null,"Accion":"index"} []
[2019-04-04 10:32:11] ppr.INFO: Kernel ha sido lanzado [] []
[2019-04-04 10:32:11] ppr.INFO: Ruta solicitada:  {"Controlador":null,"Accion":"index"} []
[2019-04-04 10:32:20] ppr.INFO: Kernel ha sido lanzado [] []
[2019-04-04 10:32:20] ppr.INFO: Ruta solicitada:  {"Controlador":null,"Accion":"index"} []
[2019-04-04 10:46:53] ppr.INFO: Kernel ha sido lanzado [] []
[2019-04-04 10:46:53] ppr.INFO: Ruta solicitada:  {"Controlador":null,"Accion":"index"} []
[2019-04-04 10:47:21] ppr.INFO: Kernel ha sido lanzado [] []
[2019-04-04 10:47:21] ppr.INFO: Ruta solicitada:  {"Controlador":null,"Accion":"index"} []
[2019-04-04 10:47:25] ppr.INFO: Kernel ha sido lanzado [] []
[2019-04-04 10:47:25] ppr.INFO: Ruta solicitada:  {"Controlador":null,"Accion":"index"} []
[2019-04-04 10:47:28] ppr.INFO: Kernel ha sido lanzado [] []
[2019-04-04 10:47:28] ppr.INFO: Ruta solicitada:  {"Controlador":null,"Accion":"index"} []
[2019-04-04 10:47:44] ppr.INFO: Kernel ha sido lanzado [] []
[2019-04-04 10:47:44] ppr.INFO: Ruta solicitada:  {"Controlador":null,"Accion":"menu"} []
[2019-04-04 10:48:19] ppr.INFO: Kernel ha sido lanzado [] []
[2019-04-04 10:48:19] ppr.INFO: Ruta solicitada:  {"Controlador":null,"Accion":"menu"} []
[2019-04-04 10:50:22] ppr.INFO: Kernel ha sido lanzado [] []
[2019-04-04 10:50:22] ppr.INFO: Ruta solicitada:  {"Controlador":null,"Accion":"menu"} []
[2019-04-04 10:50:29] ppr.INFO: Kernel ha sido lanzado [] []
[2019-04-04 10:50:29] ppr.INFO: Ruta solicitada:  {"Controlador":null,"Accion":"index"} []
[2019-04-04 10:50:34] ppr.INFO: Kernel ha sido lanzado [] []
[2019-04-04 10:50:34] ppr.INFO: Ruta solicitada:  {"Controlador":null,"Accion":"index"} []
[2019-04-04 10:50:42] ppr.INFO: Kernel ha sido lanzado [] []
[2019-04-04 10:50:42] ppr.INFO: Ruta solicitada:  {"Controlador":null,"Accion":"index"} []
[2019-04-04 10:50:56] ppr.INFO: Kernel ha sido lanzado [] []
[2019-04-04 10:50:56] ppr.INFO: Ruta solicitada:  {"Controlador":null,"Accion":"index"} []
[2019-04-04 10:56:41] ppr.INFO: Kernel ha sido lanzado [] []
[2019-04-04 10:56:41] ppr.INFO: Ruta solicitada:  {"Controlador":null,"Accion":"index"} []
[2019-04-04 11:00:48] ppr.INFO: Kernel ha sido lanzado [] []
[2019-04-04 11:00:48] ppr.INFO: Ruta solicitada:  {"Controlador":null,"Accion":"index"} []
[2019-04-04 11:01:31] ppr.INFO: Kernel ha sido lanzado [] []
[2019-04-04 11:01:31] ppr.INFO: Ruta solicitada:  {"Controlador":null,"Accion":"index"} []
[2019-04-04 11:01:47] ppr.INFO: Kernel ha sido lanzado [] []
[2019-04-04 11:01:47] ppr.INFO: Ruta solicitada:  {"Controlador":null,"Accion":"index"} []
[2019-04-04 11:02:44] ppr.INFO: Kernel ha sido lanzado [] []
[2019-04-04 11:02:44] ppr.INFO: Ruta solicitada:  {"Controlador":null,"Accion":"index"} []
[2019-04-04 11:03:01] ppr.INFO: Kernel ha sido lanzado [] []
[2019-04-04 11:03:01] ppr.INFO: Ruta solicitada:  {"Controlador":null,"Accion":"index"} []
[2019-04-04 11:06:20] ppr.INFO: Kernel ha sido lanzado [] []
[2019-04-04 11:06:20] ppr.INFO: Ruta solicitada:  {"Controlador":null,"Accion":"index"} []
[2019-04-04 11:07:35] ppr.INFO: Kernel ha sido lanzado [] []
[2019-04-04 11:07:35] ppr.INFO: Ruta solicitada:  {"Controlador":null,"Accion":"index"} []
[2019-04-04 11:07:54] ppr.INFO: Kernel ha sido lanzado [] []
[2019-04-04 11:07:54] ppr.INFO: Ruta solicitada:  {"Controlador":null,"Accion":"index"} []
[2019-04-04 11:09:24] ppr.INFO: Kernel ha sido lanzado [] []
[2019-04-04 11:09:24] ppr.INFO: Ruta solicitada:  {"Controlador":null,"Accion":"index"} []
[2019-04-04 11:10:56] ppr.INFO: Kernel ha sido lanzado [] []
[2019-04-04 11:10:56] ppr.INFO: Ruta solicitada:  {"Controlador":null,"Accion":"index"} []
[2019-04-04 11:11:59] ppr.INFO: Kernel ha sido lanzado [] []
[2019-04-04 11:11:59] ppr.INFO: Ruta solicitada:  {"Controlador":null,"Accion":"index"} []
[2019-04-04 11:13:40] ppr.INFO: Kernel ha sido lanzado [] []
[2019-04-04 11:13:40] ppr.INFO: Ruta solicitada:  {"Controlador":null,"Accion":"index"} []
[2019-04-04 11:13:45] ppr.INFO: Kernel ha sido lanzado [] []
[2019-04-04 11:13:45] ppr.INFO: Ruta solicitada:  {"Controlador":null,"Accion":"index"} []
[2019-04-04 11:14:01] ppr.INFO: Kernel ha sido lanzado [] []
[2019-04-04 11:14:01] ppr.INFO: Ruta solicitada:  {"Controlador":null,"Accion":"index"} []
[2019-04-04 11:14:18] ppr.INFO: Kernel ha sido lanzado [] []
[2019-04-04 11:14:18] ppr.INFO: Ruta solicitada:  {"Controlador":null,"Accion":"index"} []
[2019-04-04 11:14:28] ppr.INFO: Kernel ha sido lanzado [] []
[2019-04-04 11:14:28] ppr.INFO: Ruta solicitada:  {"Controlador":null,"Accion":"index"} []
[2019-04-04 11:15:24] ppr.INFO: Kernel ha sido lanzado [] []
[2019-04-04 11:15:24] ppr.INFO: Ruta solicitada:  {"Controlador":null,"Accion":"index"} []
[2019-04-04 11:17:05] ppr.INFO: Kernel ha sido lanzado [] []
[2019-04-04 11:17:05] ppr.INFO: Ruta solicitada:  {"Controlador":null,"Accion":"index"} []
[2019-04-04 11:17:27] ppr.INFO: Kernel ha sido lanzado [] []
[2019-04-04 11:17:27] ppr.INFO: Ruta solicitada:  {"Controlador":null,"Accion":"index"} []
[2019-04-04 11:20:46] ppr.INFO: Kernel ha sido lanzado [] []
[2019-04-04 11:20:46] ppr.INFO: Ruta solicitada:  {"Controlador":null,"Accion":"index"} []
[2019-04-04 11:22:12] ppr.INFO: Kernel ha sido lanzado [] []
[2019-04-04 11:22:12] ppr.INFO: Ruta solicitada:  {"Controlador":null,"Accion":"index"} []
[2019-04-04 11:22:20] ppr.INFO: Kernel ha sido lanzado [] []
[2019-04-04 11:22:20] ppr.INFO: Ruta solicitada:  {"Controlador":null,"Accion":"index"} []
[2019-04-04 11:29:12] ppr.INFO: Kernel ha sido lanzado [] []
[2019-04-04 11:29:12] ppr.INFO: Ruta solicitada:  {"Controlador":null,"Accion":"index"} []
[2019-04-04 11:31:23] ppr.INFO: Kernel ha sido lanzado [] []
[2019-04-04 11:31:23] ppr.INFO: Ruta solicitada:  {"Controlador":null,"Accion":"index"} []
[2019-04-04 11:34:30] ppr.INFO: Kernel ha sido lanzado [] []
[2019-04-04 11:34:30] ppr.INFO: Ruta solicitada:  {"Controlador":null,"Accion":"index"} []
[2019-04-04 11:34:50] ppr.INFO: Kernel ha sido lanzado [] []
[2019-04-04 11:34:50] ppr.INFO: Ruta solicitada:  {"Controlador":null,"Accion":"index"} []
[2019-04-04 11:35:25] ppr.INFO: Kernel ha sido lanzado [] []
[2019-04-04 11:35:25] ppr.INFO: Ruta solicitada:  {"Controlador":null,"Accion":"index"} []
[2019-04-04 11:35:46] ppr.INFO: Kernel ha sido lanzado [] []
[2019-04-04 11:35:46] ppr.INFO: Ruta solicitada:  {"Controlador":null,"Accion":"index"} []
[2019-04-04 11:36:46] ppr.INFO: Kernel ha sido lanzado [] []
[2019-04-04 11:36:46] ppr.INFO: Ruta solicitada:  {"Controlador":null,"Accion":"index"} []
[2019-04-04 11:36:51] ppr.INFO: Kernel ha sido lanzado [] []
[2019-04-04 11:36:51] ppr.INFO: Ruta solicitada:  {"Controlador":null,"Accion":"index"} []
[2019-04-05 10:17:04] ppr.INFO: Kernel ha sido lanzado [] []
[2019-04-05 10:17:04] ppr.INFO: Ruta solicitada:  {"Controlador":["public",""],"Accion":"petmeup"} []
[2019-04-05 10:21:25] ppr.INFO: Kernel ha sido lanzado [] []
[2019-04-05 10:21:25] ppr.INFO: Ruta solicitada:  {"Controlador":null,"Accion":"index"} []
[2019-04-05 11:56:14] ppr.INFO: Kernel ha sido lanzado [] []
[2019-04-05 11:56:14] ppr.INFO: Ruta solicitada:  {"Controlador":null,"Accion":"index"} []
[2019-04-05 11:56:36] ppr.INFO: Kernel ha sido lanzado [] []
[2019-04-05 11:56:36] ppr.INFO: Ruta solicitada:  {"Controlador":null,"Accion":"index"} []
[2019-04-05 11:59:04] ppr.INFO: Kernel ha sido lanzado [] []
[2019-04-05 11:59:04] ppr.INFO: Ruta solicitada:  {"Controlador":null,"Accion":"index"} []
[2019-04-05 11:59:09] ppr.INFO: Kernel ha sido lanzado [] []
[2019-04-05 11:59:09] ppr.INFO: Ruta solicitada:  {"Controlador":null,"Accion":"index"} []
[2019-04-05 11:59:12] ppr.INFO: Kernel ha sido lanzado [] []
[2019-04-05 11:59:12] ppr.INFO: Ruta solicitada:  {"Controlador":null,"Accion":"index"} []
[2019-04-05 11:59:27] ppr.INFO: Kernel ha sido lanzado [] []
[2019-04-05 11:59:27] ppr.INFO: Ruta solicitada:  {"Controlador":null,"Accion":"index"} []
[2019-04-05 11:59:30] ppr.INFO: Kernel ha sido lanzado [] []
[2019-04-05 11:59:30] ppr.INFO: Ruta solicitada:  {"Controlador":null,"Accion":"index"} []
[2019-04-05 12:00:11] ppr.INFO: Kernel ha sido lanzado [] []
[2019-04-05 12:00:11] ppr.INFO: Ruta solicitada:  {"Controlador":null,"Accion":"index"} []
[2019-04-05 12:00:55] ppr.INFO: Kernel ha sido lanzado [] []
[2019-04-05 12:00:55] ppr.INFO: Ruta solicitada:  {"Controlador":null,"Accion":"index"} []
[2019-04-05 12:01:36] ppr.INFO: Kernel ha sido lanzado [] []
[2019-04-05 12:01:36] ppr.INFO: Ruta solicitada:  {"Controlador":null,"Accion":"index"} []
[2019-04-05 12:01:42] ppr.INFO: Kernel ha sido lanzado [] []
[2019-04-05 12:01:42] ppr.INFO: Ruta solicitada:  {"Controlador":null,"Accion":"index"} []
[2019-04-05 12:02:01] ppr.INFO: Kernel ha sido lanzado [] []
[2019-04-05 12:02:01] ppr.INFO: Ruta solicitada:  {"Controlador":null,"Accion":"index"} []
[2019-04-05 12:02:06] ppr.INFO: Kernel ha sido lanzado [] []
[2019-04-05 12:02:06] ppr.INFO: Ruta solicitada:  {"Controlador":null,"Accion":"index"} []
[2019-04-05 12:02:09] ppr.INFO: Kernel ha sido lanzado [] []
[2019-04-05 12:02:09] ppr.INFO: Ruta solicitada:  {"Controlador":null,"Accion":"index"} []
[2019-04-05 12:02:42] ppr.INFO: Kernel ha sido lanzado [] []
[2019-04-05 12:02:42] ppr.INFO: Ruta solicitada:  {"Controlador":null,"Accion":"index"} []
[2019-04-05 12:02:43] ppr.INFO: Kernel ha sido lanzado [] []
[2019-04-05 12:02:43] ppr.INFO: Ruta solicitada:  {"Controlador":null,"Accion":"index"} []
[2019-04-05 12:06:01] ppr.INFO: Kernel ha sido lanzado [] []
[2019-04-05 12:06:01] ppr.INFO: Ruta solicitada:  {"Controlador":null,"Accion":"index"} []
[2019-04-05 12:09:33] ppr.INFO: Kernel ha sido lanzado [] []
[2019-04-05 12:09:33] ppr.INFO: Ruta solicitada:  {"Controlador":null,"Accion":"usuario"} []
[2019-04-05 12:10:50] ppr.INFO: Kernel ha sido lanzado [] []
[2019-04-05 12:10:50] ppr.INFO: Ruta solicitada:  {"Controlador":null,"Accion":"usuario"} []
[2019-04-05 12:15:21] ppr.INFO: Kernel ha sido lanzado [] []
[2019-04-05 12:15:21] ppr.INFO: Ruta solicitada:  {"Controlador":null,"Accion":"usuario"} []
[2019-04-05 12:15:37] ppr.INFO: Kernel ha sido lanzado [] []
[2019-04-05 12:15:37] ppr.INFO: Ruta solicitada:  {"Controlador":null,"Accion":"index"} []
[2019-04-05 12:16:05] ppr.INFO: Kernel ha sido lanzado [] []
[2019-04-05 12:16:05] ppr.INFO: Ruta solicitada:  {"Controlador":null,"Accion":"index"} []
[2019-04-05 12:16:06] ppr.INFO: Kernel ha sido lanzado [] []
[2019-04-05 12:16:06] ppr.INFO: Ruta solicitada:  {"Controlador":null,"Accion":"index"} []
[2019-04-05 12:16:09] ppr.INFO: Kernel ha sido lanzado [] []
[2019-04-05 12:16:09] ppr.INFO: Ruta solicitada:  {"Controlador":null,"Accion":"index"} []
[2019-04-05 12:16:14] ppr.INFO: Kernel ha sido lanzado [] []
[2019-04-05 12:16:14] ppr.INFO: Ruta solicitada:  {"Controlador":null,"Accion":"index"} []
[2019-04-05 12:16:15] ppr.INFO: Kernel ha sido lanzado [] []
[2019-04-05 12:16:15] ppr.INFO: Ruta solicitada:  {"Controlador":null,"Accion":"index"} []
[2019-04-05 12:20:07] ppr.INFO: Kernel ha sido lanzado [] []
[2019-04-05 12:20:07] ppr.INFO: Ruta solicitada:  {"Controlador":null,"Accion":"index"} []
[2019-04-05 12:20:10] ppr.INFO: Kernel ha sido lanzado [] []
[2019-04-05 12:20:10] ppr.INFO: Ruta solicitada:  {"Controlador":null,"Accion":"index"} []
[2019-04-05 12:20:14] ppr.INFO: Kernel ha sido lanzado [] []
[2019-04-05 12:20:14] ppr.INFO: Ruta solicitada:  {"Controlador":null,"Accion":"index"} []
[2019-04-05 12:20:18] ppr.INFO: Kernel ha sido lanzado [] []
[2019-04-05 12:20:18] ppr.INFO: Ruta solicitada:  {"Controlador":null,"Accion":"usuario"} []
[2019-04-05 12:20:22] ppr.INFO: Kernel ha sido lanzado [] []
[2019-04-05 12:20:22] ppr.INFO: Ruta solicitada:  {"Controlador":null,"Accion":"protectora"} []
[2019-04-05 12:20:32] ppr.INFO: Kernel ha sido lanzado [] []
[2019-04-05 12:20:32] ppr.INFO: Ruta solicitada:  {"Controlador":null,"Accion":"protectora"} []
[2019-04-05 12:20:57] ppr.INFO: Kernel ha sido lanzado [] []
[2019-04-05 12:20:57] ppr.INFO: Ruta solicitada:  {"Controlador":null,"Accion":"protectora"} []
[2019-04-05 12:20:58] ppr.INFO: Kernel ha sido lanzado [] []
[2019-04-05 12:20:58] ppr.INFO: Ruta solicitada:  {"Controlador":null,"Accion":"index"} []
[2019-04-05 12:21:50] ppr.INFO: Kernel ha sido lanzado [] []
[2019-04-05 12:21:50] ppr.INFO: Ruta solicitada:  {"Controlador":null,"Accion":"index"} []
[2019-04-05 12:30:41] ppr.INFO: Kernel ha sido lanzado [] []
[2019-04-05 12:30:41] ppr.INFO: Ruta solicitada:  {"Controlador":null,"Accion":"index"} []
[2019-04-05 12:31:13] ppr.INFO: Kernel ha sido lanzado [] []
[2019-04-05 12:31:13] ppr.INFO: Ruta solicitada:  {"Controlador":null,"Accion":"index"} []
[2019-04-05 12:31:16] ppr.INFO: Kernel ha sido lanzado [] []
[2019-04-05 12:31:16] ppr.INFO: Ruta solicitada:  {"Controlador":null,"Accion":"index"} []
[2019-04-05 12:33:28] ppr.INFO: Kernel ha sido lanzado [] []
[2019-04-05 12:33:28] ppr.INFO: Ruta solicitada:  {"Controlador":null,"Accion":"index"} []
[2019-04-05 12:36:23] ppr.INFO: Kernel ha sido lanzado [] []
[2019-04-05 12:36:23] ppr.INFO: Ruta solicitada:  {"Controlador":null,"Accion":"index"} []
[2019-04-05 12:36:43] ppr.INFO: Kernel ha sido lanzado [] []
[2019-04-05 12:36:43] ppr.INFO: Ruta solicitada:  {"Controlador":null,"Accion":"index"} []
[2019-04-05 12:36:49] ppr.INFO: Kernel ha sido lanzado [] []
[2019-04-05 12:36:49] ppr.INFO: Ruta solicitada:  {"Controlador":null,"Accion":"protectora"} []
[2019-04-05 12:37:24] ppr.INFO: Kernel ha sido lanzado [] []
[2019-04-05 12:37:24] ppr.INFO: Ruta solicitada:  {"Controlador":null,"Accion":"index"} []
[2019-04-05 12:38:35] ppr.INFO: Kernel ha sido lanzado [] []
[2019-04-05 12:38:35] ppr.INFO: Ruta solicitada:  {"Controlador":null,"Accion":"index"} []
[2019-04-05 12:38:40] ppr.INFO: Kernel ha sido lanzado [] []
[2019-04-05 12:38:40] ppr.INFO: Ruta solicitada:  {"Controlador":null,"Accion":"index"} []
[2019-04-05 12:38:45] ppr.INFO: Kernel ha sido lanzado [] []
[2019-04-05 12:38:45] ppr.INFO: Ruta solicitada:  {"Controlador":null,"Accion":"usuario"} []
[2019-04-05 12:39:55] ppr.INFO: Kernel ha sido lanzado [] []
[2019-04-05 12:39:55] ppr.INFO: Ruta solicitada:  {"Controlador":null,"Accion":"usuario"} []
[2019-04-05 12:40:08] ppr.INFO: Kernel ha sido lanzado [] []
[2019-04-05 12:40:08] ppr.INFO: Ruta solicitada:  {"Controlador":null,"Accion":"protecroa"} []
[2019-04-05 12:40:13] ppr.INFO: Kernel ha sido lanzado [] []
[2019-04-05 12:40:13] ppr.INFO: Ruta solicitada:  {"Controlador":null,"Accion":"protectora"} []
[2019-04-05 12:40:28] ppr.INFO: Kernel ha sido lanzado [] []
[2019-04-05 12:40:28] ppr.INFO: Ruta solicitada:  {"Controlador":null,"Accion":"protectora"} []
[2019-04-05 12:40:32] ppr.INFO: Kernel ha sido lanzado [] []
[2019-04-05 12:40:32] ppr.INFO: Ruta solicitada:  {"Controlador":null,"Accion":"index"} []
[2019-04-05 12:41:22] ppr.INFO: Kernel ha sido lanzado [] []
[2019-04-05 12:41:22] ppr.INFO: Ruta solicitada:  {"Controlador":null,"Accion":"index"} []
[2019-04-05 12:41:49] ppr.INFO: Kernel ha sido lanzado [] []
[2019-04-05 12:41:49] ppr.INFO: Ruta solicitada:  {"Controlador":null,"Accion":"index"} []
[2019-04-05 12:41:50] ppr.INFO: Kernel ha sido lanzado [] []
[2019-04-05 12:41:50] ppr.INFO: Ruta solicitada:  {"Controlador":null,"Accion":"index"} []
[2019-04-05 12:42:47] ppr.INFO: Kernel ha sido lanzado [] []
[2019-04-05 12:42:47] ppr.INFO: Ruta solicitada:  {"Controlador":null,"Accion":"index"} []
[2019-04-05 12:43:00] ppr.INFO: Kernel ha sido lanzado [] []
[2019-04-05 12:43:00] ppr.INFO: Ruta solicitada:  {"Controlador":null,"Accion":"index"} []
[2019-04-05 12:43:45] ppr.INFO: Kernel ha sido lanzado [] []
[2019-04-05 12:43:45] ppr.INFO: Ruta solicitada:  {"Controlador":null,"Accion":"index"} []
[2019-04-05 12:43:46] ppr.INFO: Kernel ha sido lanzado [] []
[2019-04-05 12:43:46] ppr.INFO: Ruta solicitada:  {"Controlador":null,"Accion":"protectora"} []
[2019-04-05 12:43:54] ppr.INFO: Kernel ha sido lanzado [] []
[2019-04-05 12:43:54] ppr.INFO: Ruta solicitada:  {"Controlador":null,"Accion":"protectora"} []
[2019-04-05 12:43:56] ppr.INFO: Kernel ha sido lanzado [] []
[2019-04-05 12:43:56] ppr.INFO: Ruta solicitada:  {"Controlador":null,"Accion":"usuario"} []
[2019-04-05 12:43:57] ppr.INFO: Kernel ha sido lanzado [] []
[2019-04-05 12:43:57] ppr.INFO: Ruta solicitada:  {"Controlador":null,"Accion":"protectora"} []
[2019-04-05 12:43:58] ppr.INFO: Kernel ha sido lanzado [] []
[2019-04-05 12:43:58] ppr.INFO: Ruta solicitada:  {"Controlador":null,"Accion":"index"} []
[2019-04-05 12:49:58] ppr.INFO: Kernel ha sido lanzado [] []
[2019-04-05 12:49:58] ppr.INFO: Ruta solicitada:  {"Controlador":null,"Accion":"AsignaturasDAW"} []
[2019-04-05 12:51:19] ppr.INFO: Kernel ha sido lanzado [] []
[2019-04-05 12:51:19] ppr.INFO: Ruta solicitada:  {"Controlador":null,"Accion":"index"} []
[2019-04-05 12:51:20] ppr.INFO: Kernel ha sido lanzado [] []
[2019-04-05 12:51:20] ppr.INFO: Ruta solicitada:  {"Controlador":null,"Accion":"index"} []
[2019-04-05 12:53:32] ppr.INFO: Kernel ha sido lanzado [] []
[2019-04-05 12:53:32] ppr.INFO: Ruta solicitada:  {"Controlador":null,"Accion":"index"} []
[2019-04-05 12:53:52] ppr.INFO: Kernel ha sido lanzado [] []
[2019-04-05 12:53:52] ppr.INFO: Ruta solicitada:  {"Controlador":null,"Accion":"index"} []
[2019-04-05 12:55:06] ppr.INFO: Kernel ha sido lanzado [] []
[2019-04-05 12:55:06] ppr.INFO: Ruta solicitada:  {"Controlador":null,"Accion":"index"} []
[2019-04-05 12:55:11] ppr.INFO: Kernel ha sido lanzado [] []
[2019-04-05 12:55:11] ppr.INFO: Ruta solicitada:  {"Controlador":null,"Accion":"usuario"} []
[2019-04-05 12:55:12] ppr.INFO: Kernel ha sido lanzado [] []
[2019-04-05 12:55:12] ppr.INFO: Ruta solicitada:  {"Controlador":null,"Accion":"protectora"} []
[2019-04-05 12:55:13] ppr.INFO: Kernel ha sido lanzado [] []
[2019-04-05 12:55:13] ppr.INFO: Ruta solicitada:  {"Controlador":null,"Accion":"index"} []
[2019-05-13 10:09:34] ppr.INFO: Kernel ha sido lanzado [] []
[2019-05-13 10:09:34] ppr.INFO: Ruta solicitada:  {"Controlador":null,"Accion":"index"} []
[2019-05-13 10:13:07] ppr.INFO: Kernel ha sido lanzado [] []
[2019-05-13 10:13:07] ppr.INFO: Ruta solicitada:  {"Controlador":null,"Accion":"index"} []
[2019-05-13 10:15:25] ppr.INFO: Kernel ha sido lanzado [] []
[2019-05-13 10:15:25] ppr.INFO: Ruta solicitada:  {"Controlador":null,"Accion":"index"} []
[2019-05-13 10:15:35] ppr.INFO: Kernel ha sido lanzado [] []
[2019-05-13 10:15:35] ppr.INFO: Ruta solicitada:  {"Controlador":null,"Accion":"index"} []
[2019-05-13 10:16:12] ppr.INFO: Kernel ha sido lanzado [] []
[2019-05-13 10:16:12] ppr.INFO: Ruta solicitada:  {"Controlador":null,"Accion":"index"} []
[2019-05-13 10:16:29] ppr.INFO: Kernel ha sido lanzado [] []
[2019-05-13 10:16:29] ppr.INFO: Ruta solicitada:  {"Controlador":null,"Accion":"index"} []
[2019-05-13 10:16:41] ppr.INFO: Kernel ha sido lanzado [] []
[2019-05-13 10:16:41] ppr.INFO: Ruta solicitada:  {"Controlador":null,"Accion":"index"} []
[2019-05-13 10:18:12] ppr.INFO: Kernel ha sido lanzado [] []
[2019-05-13 10:18:12] ppr.INFO: Ruta solicitada:  {"Controlador":null,"Accion":"index"} []
[2019-05-13 10:18:41] ppr.INFO: Kernel ha sido lanzado [] []
[2019-05-13 10:18:41] ppr.INFO: Ruta solicitada:  {"Controlador":null,"Accion":"index"} []
[2019-05-13 10:18:47] ppr.INFO: Kernel ha sido lanzado [] []
[2019-05-13 10:18:47] ppr.INFO: Ruta solicitada:  {"Controlador":null,"Accion":"index"} []
[2019-05-13 10:18:50] ppr.INFO: Kernel ha sido lanzado [] []
[2019-05-13 10:18:50] ppr.INFO: Ruta solicitada:  {"Controlador":null,"Accion":"index"} []
[2019-05-13 10:19:04] ppr.INFO: Kernel ha sido lanzado [] []
[2019-05-13 10:19:04] ppr.INFO: Ruta solicitada:  {"Controlador":null,"Accion":"index"} []
[2019-05-13 10:19:11] ppr.INFO: Kernel ha sido lanzado [] []
[2019-05-13 10:19:11] ppr.INFO: Ruta solicitada:  {"Controlador":null,"Accion":"index"} []
[2019-05-13 10:19:23] ppr.INFO: Kernel ha sido lanzado [] []
[2019-05-13 10:19:23] ppr.INFO: Ruta solicitada:  {"Controlador":null,"Accion":"index"} []
[2019-05-13 10:20:55] ppr.INFO: Kernel ha sido lanzado [] []
[2019-05-13 10:20:55] ppr.INFO: Ruta solicitada:  {"Controlador":null,"Accion":"index"} []
[2019-05-13 10:21:59] ppr.INFO: Kernel ha sido lanzado [] []
[2019-05-13 10:21:59] ppr.INFO: Ruta solicitada:  {"Controlador":null,"Accion":"index"} []
[2019-05-13 10:21:59] ppr.INFO: Kernel ha sido lanzado [] []
[2019-05-13 10:21:59] ppr.INFO: Ruta solicitada:  {"Controlador":null,"Accion":"index"} []
[2019-05-13 10:22:27] ppr.INFO: Kernel ha sido lanzado [] []
[2019-05-13 10:22:27] ppr.INFO: Ruta solicitada:  {"Controlador":null,"Accion":"index"} []
[2019-05-13 10:23:51] ppr.INFO: Kernel ha sido lanzado [] []
[2019-05-13 10:23:51] ppr.INFO: Ruta solicitada:  {"Controlador":null,"Accion":"index"} []
[2019-05-13 10:24:35] ppr.INFO: Kernel ha sido lanzado [] []
[2019-05-13 10:24:35] ppr.INFO: Ruta solicitada:  {"Controlador":null,"Accion":"index"} []
[2019-05-13 10:24:42] ppr.INFO: Kernel ha sido lanzado [] []
[2019-05-13 10:24:42] ppr.INFO: Ruta solicitada:  {"Controlador":null,"Accion":"index"} []
[2019-05-13 10:24:58] ppr.INFO: Kernel ha sido lanzado [] []
[2019-05-13 10:24:58] ppr.INFO: Ruta solicitada:  {"Controlador":null,"Accion":"index"} []
[2019-05-13 10:25:08] ppr.INFO: Kernel ha sido lanzado [] []
[2019-05-13 10:25:08] ppr.INFO: Ruta solicitada:  {"Controlador":null,"Accion":"index"} []
[2019-05-13 10:25:12] ppr.INFO: Kernel ha sido lanzado [] []
[2019-05-13 10:25:12] ppr.INFO: Ruta solicitada:  {"Controlador":null,"Accion":"index"} []
[2019-05-13 10:25:24] ppr.INFO: Kernel ha sido lanzado [] []
[2019-05-13 10:25:24] ppr.INFO: Ruta solicitada:  {"Controlador":null,"Accion":"index"} []
[2019-05-13 10:25:54] ppr.INFO: Kernel ha sido lanzado [] []
[2019-05-13 10:25:54] ppr.INFO: Ruta solicitada:  {"Controlador":null,"Accion":"index"} []
[2019-05-13 10:26:22] ppr.INFO: Kernel ha sido lanzado [] []
[2019-05-13 10:26:22] ppr.INFO: Ruta solicitada:  {"Controlador":null,"Accion":"index"} []
[2019-05-13 10:26:30] ppr.INFO: Kernel ha sido lanzado [] []
[2019-05-13 10:26:30] ppr.INFO: Ruta solicitada:  {"Controlador":null,"Accion":"index"} []
[2019-05-13 10:27:09] ppr.INFO: Kernel ha sido lanzado [] []
[2019-05-13 10:27:09] ppr.INFO: Ruta solicitada:  {"Controlador":null,"Accion":"index"} []
[2019-05-13 10:27:44] ppr.INFO: Kernel ha sido lanzado [] []
[2019-05-13 10:27:44] ppr.INFO: Ruta solicitada:  {"Controlador":null,"Accion":"protectora"} []
[2019-05-13 10:27:45] ppr.INFO: Kernel ha sido lanzado [] []
[2019-05-13 10:27:45] ppr.INFO: Ruta solicitada:  {"Controlador":null,"Accion":"protectora"} []
[2019-05-13 10:27:46] ppr.INFO: Kernel ha sido lanzado [] []
[2019-05-13 10:27:46] ppr.INFO: Ruta solicitada:  {"Controlador":null,"Accion":"protectora"} []
[2019-05-13 10:27:46] ppr.INFO: Kernel ha sido lanzado [] []
[2019-05-13 10:27:46] ppr.INFO: Ruta solicitada:  {"Controlador":null,"Accion":"protectora"} []
[2019-05-13 10:27:46] ppr.INFO: Kernel ha sido lanzado [] []
[2019-05-13 10:27:46] ppr.INFO: Ruta solicitada:  {"Controlador":null,"Accion":"protectora"} []
[2019-05-13 10:27:48] ppr.INFO: Kernel ha sido lanzado [] []
[2019-05-13 10:27:48] ppr.INFO: Ruta solicitada:  {"Controlador":null,"Accion":"usuario"} []
[2019-05-13 10:27:50] ppr.INFO: Kernel ha sido lanzado [] []
[2019-05-13 10:27:50] ppr.INFO: Ruta solicitada:  {"Controlador":null,"Accion":"index"} []
[2019-05-13 10:28:06] ppr.INFO: Kernel ha sido lanzado [] []
[2019-05-13 10:28:06] ppr.INFO: Ruta solicitada:  {"Controlador":null,"Accion":"index"} []
[2019-05-13 10:28:08] ppr.INFO: Kernel ha sido lanzado [] []
[2019-05-13 10:28:08] ppr.INFO: Ruta solicitada:  {"Controlador":null,"Accion":"protectora"} []
[2019-05-13 10:28:09] ppr.INFO: Kernel ha sido lanzado [] []
[2019-05-13 10:28:09] ppr.INFO: Ruta solicitada:  {"Controlador":null,"Accion":"usuario"} []
[2019-05-13 10:28:10] ppr.INFO: Kernel ha sido lanzado [] []
[2019-05-13 10:28:10] ppr.INFO: Ruta solicitada:  {"Controlador":null,"Accion":"index"} []
[2019-05-13 10:28:11] ppr.INFO: Kernel ha sido lanzado [] []
[2019-05-13 10:28:11] ppr.INFO: Ruta solicitada:  {"Controlador":null,"Accion":"usuario"} []
[2019-05-13 10:28:11] ppr.INFO: Kernel ha sido lanzado [] []
[2019-05-13 10:28:11] ppr.INFO: Ruta solicitada:  {"Controlador":null,"Accion":"protectora"} []
[2019-05-13 10:28:12] ppr.INFO: Kernel ha sido lanzado [] []
[2019-05-13 10:28:12] ppr.INFO: Ruta solicitada:  {"Controlador":null,"Accion":"index"} []
[2019-05-13 10:28:14] ppr.INFO: Kernel ha sido lanzado [] []
[2019-05-13 10:28:14] ppr.INFO: Ruta solicitada:  {"Controlador":null,"Accion":"usuario"} []
[2019-05-13 10:28:16] ppr.INFO: Kernel ha sido lanzado [] []
[2019-05-13 10:28:16] ppr.INFO: Ruta solicitada:  {"Controlador":null,"Accion":"protectora"} []
[2019-05-13 10:28:21] ppr.INFO: Kernel ha sido lanzado [] []
[2019-05-13 10:28:21] ppr.INFO: Ruta solicitada:  {"Controlador":null,"Accion":"protectora"} []
[2019-05-13 10:28:26] ppr.INFO: Kernel ha sido lanzado [] []
[2019-05-13 10:28:26] ppr.INFO: Ruta solicitada:  {"Controlador":null,"Accion":"usuario"} []
[2019-05-13 10:28:28] ppr.INFO: Kernel ha sido lanzado [] []
[2019-05-13 10:28:28] ppr.INFO: Ruta solicitada:  {"Controlador":null,"Accion":"index"} []
[2019-05-13 10:28:31] ppr.INFO: Kernel ha sido lanzado [] []
[2019-05-13 10:28:31] ppr.INFO: Ruta solicitada:  {"Controlador":null,"Accion":"index"} []
[2019-05-13 10:28:40] ppr.INFO: Kernel ha sido lanzado [] []
[2019-05-13 10:28:40] ppr.INFO: Ruta solicitada:  {"Controlador":null,"Accion":"usuario"} []
[2019-05-13 10:28:44] ppr.INFO: Kernel ha sido lanzado [] []
[2019-05-13 10:28:44] ppr.INFO: Ruta solicitada:  {"Controlador":null,"Accion":"index"} []
[2019-05-13 10:28:45] ppr.INFO: Kernel ha sido lanzado [] []
[2019-05-13 10:28:45] ppr.INFO: Ruta solicitada:  {"Controlador":null,"Accion":"index"} []
[2019-05-13 10:28:47] ppr.INFO: Kernel ha sido lanzado [] []
[2019-05-13 10:28:47] ppr.INFO: Ruta solicitada:  {"Controlador":null,"Accion":"index"} []
[2019-05-13 10:28:52] ppr.INFO: Kernel ha sido lanzado [] []
[2019-05-13 10:28:52] ppr.INFO: Ruta solicitada:  {"Controlador":null,"Accion":"index"} []
[2019-05-13 10:28:53] ppr.INFO: Kernel ha sido lanzado [] []
[2019-05-13 10:28:53] ppr.INFO: Ruta solicitada:  {"Controlador":null,"Accion":"index"} []
[2019-05-13 10:28:54] ppr.INFO: Kernel ha sido lanzado [] []
[2019-05-13 10:28:54] ppr.INFO: Ruta solicitada:  {"Controlador":null,"Accion":"usuario"} []
[2019-05-13 10:28:54] ppr.INFO: Kernel ha sido lanzado [] []
[2019-05-13 10:28:54] ppr.INFO: Ruta solicitada:  {"Controlador":null,"Accion":"usuario"} []
[2019-05-13 10:28:56] ppr.INFO: Kernel ha sido lanzado [] []
[2019-05-13 10:28:56] ppr.INFO: Ruta solicitada:  {"Controlador":null,"Accion":"protectora"} []
[2019-05-13 10:28:56] ppr.INFO: Kernel ha sido lanzado [] []
[2019-05-13 10:28:56] ppr.INFO: Ruta solicitada:  {"Controlador":null,"Accion":"protectora"} []
[2019-05-13 10:28:58] ppr.INFO: Kernel ha sido lanzado [] []
[2019-05-13 10:28:58] ppr.INFO: Ruta solicitada:  {"Controlador":null,"Accion":"protectora"} []
[2019-05-13 10:29:03] ppr.INFO: Kernel ha sido lanzado [] []
[2019-05-13 10:29:03] ppr.INFO: Ruta solicitada:  {"Controlador":null,"Accion":"protectora"} []
[2019-05-13 10:29:06] ppr.INFO: Kernel ha sido lanzado [] []
[2019-05-13 10:29:06] ppr.INFO: Ruta solicitada:  {"Controlador":null,"Accion":"protectora"} []
[2019-05-13 10:29:10] ppr.INFO: Kernel ha sido lanzado [] []
[2019-05-13 10:29:10] ppr.INFO: Ruta solicitada:  {"Controlador":null,"Accion":"protectora"} []
[2019-05-13 10:29:55] ppr.INFO: Kernel ha sido lanzado [] []
[2019-05-13 10:29:55] ppr.INFO: Ruta solicitada:  {"Controlador":null,"Accion":"protectora"} []
[2019-05-13 10:29:59] ppr.INFO: Kernel ha sido lanzado [] []
[2019-05-13 10:29:59] ppr.INFO: Ruta solicitada:  {"Controlador":null,"Accion":"index"} []
[2019-05-13 10:30:04] ppr.INFO: Kernel ha sido lanzado [] []
[2019-05-13 10:30:04] ppr.INFO: Ruta solicitada:  {"Controlador":null,"Accion":"index"} []
[2019-05-13 10:30:05] ppr.INFO: Kernel ha sido lanzado [] []
[2019-05-13 10:30:05] ppr.INFO: Ruta solicitada:  {"Controlador":null,"Accion":"usuario"} []
[2019-05-13 10:30:06] ppr.INFO: Kernel ha sido lanzado [] []
[2019-05-13 10:30:06] ppr.INFO: Ruta solicitada:  {"Controlador":null,"Accion":"protectora"} []
[2019-05-13 10:30:06] ppr.INFO: Kernel ha sido lanzado [] []
[2019-05-13 10:30:06] ppr.INFO: Ruta solicitada:  {"Controlador":null,"Accion":"index"} []
[2019-05-13 10:30:07] ppr.INFO: Kernel ha sido lanzado [] []
[2019-05-13 10:30:07] ppr.INFO: Ruta solicitada:  {"Controlador":null,"Accion":"usuario"} []
[2019-05-13 10:30:08] ppr.INFO: Kernel ha sido lanzado [] []
[2019-05-13 10:30:08] ppr.INFO: Ruta solicitada:  {"Controlador":null,"Accion":"index"} []
[2019-05-13 10:30:18] ppr.INFO: Kernel ha sido lanzado [] []
[2019-05-13 10:30:18] ppr.INFO: Ruta solicitada:  {"Controlador":null,"Accion":"index"} []
[2019-05-13 10:30:21] ppr.INFO: Kernel ha sido lanzado [] []
[2019-05-13 10:30:21] ppr.INFO: Ruta solicitada:  {"Controlador":null,"Accion":"usuario"} []
[2019-05-13 10:30:45] ppr.INFO: Kernel ha sido lanzado [] []
[2019-05-13 10:30:45] ppr.INFO: Ruta solicitada:  {"Controlador":null,"Accion":"usuario"} []
[2019-05-13 10:31:05] ppr.INFO: Kernel ha sido lanzado [] []
[2019-05-13 10:31:05] ppr.INFO: Ruta solicitada:  {"Controlador":null,"Accion":"usuario"} []
[2019-05-13 10:31:06] ppr.INFO: Kernel ha sido lanzado [] []
[2019-05-13 10:31:06] ppr.INFO: Ruta solicitada:  {"Controlador":null,"Accion":"usuario"} []
[2019-05-13 10:31:07] ppr.INFO: Kernel ha sido lanzado [] []
[2019-05-13 10:31:07] ppr.INFO: Ruta solicitada:  {"Controlador":null,"Accion":"protectora"} []
[2019-05-13 10:31:08] ppr.INFO: Kernel ha sido lanzado [] []
[2019-05-13 10:31:08] ppr.INFO: Ruta solicitada:  {"Controlador":null,"Accion":"index"} []
[2019-05-13 10:31:19] ppr.INFO: Kernel ha sido lanzado [] []
[2019-05-13 10:31:19] ppr.INFO: Ruta solicitada:  {"Controlador":null,"Accion":"usuario"} []
[2019-05-13 10:31:19] ppr.INFO: Kernel ha sido lanzado [] []
[2019-05-13 10:31:19] ppr.INFO: Ruta solicitada:  {"Controlador":null,"Accion":"protectora"} []
[2019-05-13 10:31:39] ppr.INFO: Kernel ha sido lanzado [] []
[2019-05-13 10:31:39] ppr.INFO: Ruta solicitada:  {"Controlador":null,"Accion":"index"} []
[2019-05-13 10:31:40] ppr.INFO: Kernel ha sido lanzado [] []
[2019-05-13 10:31:40] ppr.INFO: Ruta solicitada:  {"Controlador":null,"Accion":"index"} []
[2019-05-13 10:31:51] ppr.INFO: Kernel ha sido lanzado [] []
[2019-05-13 10:31:51] ppr.INFO: Ruta solicitada:  {"Controlador":null,"Accion":"index"} []
[2019-05-13 10:32:36] ppr.INFO: Kernel ha sido lanzado [] []
[2019-05-13 10:32:36] ppr.INFO: Ruta solicitada:  {"Controlador":null,"Accion":"index"} []
[2019-05-13 10:33:10] ppr.INFO: Kernel ha sido lanzado [] []
[2019-05-13 10:33:10] ppr.INFO: Ruta solicitada:  {"Controlador":null,"Accion":"index"} []
[2019-05-13 10:33:49] ppr.INFO: Kernel ha sido lanzado [] []
[2019-05-13 10:33:49] ppr.INFO: Ruta solicitada:  {"Controlador":null,"Accion":"index"} []
[2019-05-13 10:33:53] ppr.INFO: Kernel ha sido lanzado [] []
[2019-05-13 10:33:53] ppr.INFO: Ruta solicitada:  {"Controlador":null,"Accion":"index"} []
[2019-05-13 11:20:44] ppr.INFO: Kernel ha sido lanzado [] []
[2019-05-13 11:20:44] ppr.INFO: Ruta solicitada:  {"Controlador":null,"Accion":"index"} []
[2019-05-13 11:38:50] ppr.INFO: Kernel ha sido lanzado [] []
[2019-05-13 11:38:50] ppr.INFO: Ruta solicitada:  {"Controlador":null,"Accion":"index"} []
[2019-05-13 11:39:16] ppr.INFO: Kernel ha sido lanzado [] []
[2019-05-13 11:39:16] ppr.INFO: Ruta solicitada:  {"Controlador":null,"Accion":"index"} []
[2019-05-13 11:43:05] ppr.INFO: Kernel ha sido lanzado [] []
[2019-05-13 11:43:05] ppr.INFO: Ruta solicitada:  {"Controlador":null,"Accion":"index"} []
[2019-05-13 11:43:15] ppr.INFO: Kernel ha sido lanzado [] []
[2019-05-13 11:43:15] ppr.INFO: Ruta solicitada:  {"Controlador":null,"Accion":"index"} []
[2019-05-13 11:43:23] ppr.INFO: Kernel ha sido lanzado [] []
[2019-05-13 11:43:23] ppr.INFO: Ruta solicitada:  {"Controlador":null,"Accion":"index"} []
[2019-05-13 11:44:04] ppr.INFO: Kernel ha sido lanzado [] []
[2019-05-13 11:44:04] ppr.INFO: Ruta solicitada:  {"Controlador":null,"Accion":"index"} []
[2019-05-13 11:44:13] ppr.INFO: Kernel ha sido lanzado [] []
[2019-05-13 11:44:13] ppr.INFO: Ruta solicitada:  {"Controlador":null,"Accion":"index"} []
[2019-05-13 11:45:46] ppr.INFO: Kernel ha sido lanzado [] []
[2019-05-13 11:45:46] ppr.INFO: Ruta solicitada:  {"Controlador":null,"Accion":"index"} []
[2019-05-13 11:46:45] ppr.INFO: Kernel ha sido lanzado [] []
[2019-05-13 11:46:45] ppr.INFO: Ruta solicitada:  {"Controlador":null,"Accion":"index"} []
[2019-05-13 11:46:47] ppr.INFO: Kernel ha sido lanzado [] []
[2019-05-13 11:46:47] ppr.INFO: Ruta solicitada:  {"Controlador":null,"Accion":"index"} []
[2019-05-13 11:52:00] ppr.INFO: Kernel ha sido lanzado [] []
[2019-05-13 11:52:00] ppr.INFO: Ruta solicitada:  {"Controlador":null,"Accion":"index"} []
[2019-05-13 11:53:16] ppr.INFO: Kernel ha sido lanzado [] []
[2019-05-13 11:53:16] ppr.INFO: Ruta solicitada:  {"Controlador":null,"Accion":"index"} []
[2019-05-13 11:58:43] ppr.INFO: Kernel ha sido lanzado [] []
[2019-05-13 11:58:43] ppr.INFO: Ruta solicitada:  {"Controlador":null,"Accion":"index"} []
[2019-05-13 11:59:15] ppr.INFO: Kernel ha sido lanzado [] []
[2019-05-13 11:59:15] ppr.INFO: Ruta solicitada:  {"Controlador":null,"Accion":"index"} []
[2019-05-13 12:01:45] ppr.INFO: Kernel ha sido lanzado [] []
[2019-05-13 12:01:45] ppr.INFO: Ruta solicitada:  {"Controlador":null,"Accion":"index"} []
[2019-05-13 12:02:29] ppr.INFO: Kernel ha sido lanzado [] []
[2019-05-13 12:02:29] ppr.INFO: Ruta solicitada:  {"Controlador":null,"Accion":"index"} []
[2019-05-13 12:04:50] ppr.INFO: Kernel ha sido lanzado [] []
[2019-05-13 12:04:50] ppr.INFO: Ruta solicitada:  {"Controlador":null,"Accion":"index"} []
[2019-05-13 12:12:23] ppr.INFO: Kernel ha sido lanzado [] []
[2019-05-13 12:12:23] ppr.INFO: Ruta solicitada:  {"Controlador":null,"Accion":"index"} []
[2019-05-13 12:12:37] ppr.INFO: Kernel ha sido lanzado [] []
[2019-05-13 12:12:37] ppr.INFO: Ruta solicitada:  {"Controlador":null,"Accion":"index"} []
[2019-05-13 12:12:57] ppr.INFO: Kernel ha sido lanzado [] []
[2019-05-13 12:12:57] ppr.INFO: Ruta solicitada:  {"Controlador":null,"Accion":"index"} []
[2019-05-13 12:13:14] ppr.INFO: Kernel ha sido lanzado [] []
[2019-05-13 12:13:14] ppr.INFO: Ruta solicitada:  {"Controlador":null,"Accion":"index"} []
[2019-05-13 12:13:27] ppr.INFO: Kernel ha sido lanzado [] []
[2019-05-13 12:13:27] ppr.INFO: Ruta solicitada:  {"Controlador":null,"Accion":"index"} []
[2019-04-08 08:35:54] ppr.INFO: Kernel ha sido lanzado [] []
[2019-04-08 08:35:54] ppr.INFO: Ruta solicitada:  {"Controlador":null,"Accion":"index"} []
[2019-04-08 08:35:57] ppr.INFO: Kernel ha sido lanzado [] []
[2019-04-08 08:35:57] ppr.INFO: Ruta solicitada:  {"Controlador":null,"Accion":"index"} []
[2019-04-08 08:35:58] ppr.INFO: Kernel ha sido lanzado [] []
[2019-04-08 08:35:58] ppr.INFO: Ruta solicitada:  {"Controlador":null,"Accion":"index"} []
[2019-04-08 08:35:59] ppr.INFO: Kernel ha sido lanzado [] []
[2019-04-08 08:35:59] ppr.INFO: Ruta solicitada:  {"Controlador":null,"Accion":"index"} []
[2019-04-08 08:36:00] ppr.INFO: Kernel ha sido lanzado [] []
[2019-04-08 08:36:00] ppr.INFO: Ruta solicitada:  {"Controlador":null,"Accion":"index"} []
[2019-04-08 08:36:01] ppr.INFO: Kernel ha sido lanzado [] []
[2019-04-08 08:36:01] ppr.INFO: Ruta solicitada:  {"Controlador":null,"Accion":"index"} []
[2019-04-08 08:43:39] ppr.INFO: Kernel ha sido lanzado [] []
[2019-04-08 08:43:39] ppr.INFO: Ruta solicitada:  {"Controlador":null,"Accion":"index"} []
[2019-04-08 08:43:41] ppr.INFO: Kernel ha sido lanzado [] []
[2019-04-08 08:43:41] ppr.INFO: Ruta solicitada:  {"Controlador":null,"Accion":"index"} []
[2019-04-08 08:43:41] ppr.INFO: Kernel ha sido lanzado [] []
[2019-04-08 08:43:41] ppr.INFO: Ruta solicitada:  {"Controlador":null,"Accion":"index"} []
[2019-04-08 08:43:42] ppr.INFO: Kernel ha sido lanzado [] []
[2019-04-08 08:43:42] ppr.INFO: Ruta solicitada:  {"Controlador":null,"Accion":"index"} []
[2019-04-08 08:43:42] ppr.INFO: Kernel ha sido lanzado [] []
[2019-04-08 08:43:42] ppr.INFO: Ruta solicitada:  {"Controlador":null,"Accion":"index"} []
[2019-04-08 08:43:59] ppr.INFO: Kernel ha sido lanzado [] []
[2019-04-08 08:43:59] ppr.INFO: Ruta solicitada:  {"Controlador":null,"Accion":"index"} []
[2019-04-08 08:43:59] ppr.INFO: Kernel ha sido lanzado [] []
[2019-04-08 08:43:59] ppr.INFO: Ruta solicitada:  {"Controlador":null,"Accion":"index"} []
[2019-04-08 08:44:00] ppr.INFO: Kernel ha sido lanzado [] []
[2019-04-08 08:44:00] ppr.INFO: Ruta solicitada:  {"Controlador":null,"Accion":"index"} []
[2019-04-08 08:44:00] ppr.INFO: Kernel ha sido lanzado [] []
[2019-04-08 08:44:00] ppr.INFO: Ruta solicitada:  {"Controlador":null,"Accion":"index"} []
[2019-04-08 08:46:05] ppr.INFO: Kernel ha sido lanzado [] []
[2019-04-08 08:46:05] ppr.INFO: Ruta solicitada:  {"Controlador":null,"Accion":"index"} []
[2019-04-08 08:46:10] ppr.INFO: Kernel ha sido lanzado [] []
[2019-04-08 08:46:10] ppr.INFO: Ruta solicitada:  {"Controlador":null,"Accion":"index"} []
[2019-04-08 08:46:17] ppr.INFO: Kernel ha sido lanzado [] []
[2019-04-08 08:46:17] ppr.INFO: Ruta solicitada:  {"Controlador":null,"Accion":"index"} []
[2019-04-08 08:46:32] ppr.INFO: Kernel ha sido lanzado [] []
[2019-04-08 08:46:32] ppr.INFO: Ruta solicitada:  {"Controlador":null,"Accion":"index"} []
[2019-04-08 08:48:37] ppr.INFO: Kernel ha sido lanzado [] []
[2019-04-08 08:48:37] ppr.INFO: Ruta solicitada:  {"Controlador":null,"Accion":"index"} []
[2019-04-08 08:49:53] ppr.INFO: Kernel ha sido lanzado [] []
[2019-04-08 08:49:53] ppr.INFO: Ruta solicitada:  {"Controlador":null,"Accion":"index"} []
[2019-04-08 08:51:10] ppr.INFO: Kernel ha sido lanzado [] []
[2019-04-08 08:51:10] ppr.INFO: Ruta solicitada:  {"Controlador":null,"Accion":"index"} []
[2019-04-08 08:51:24] ppr.INFO: Kernel ha sido lanzado [] []
[2019-04-08 08:51:24] ppr.INFO: Ruta solicitada:  {"Controlador":null,"Accion":"index"} []
[2019-04-08 08:51:27] ppr.INFO: Kernel ha sido lanzado [] []
[2019-04-08 08:51:27] ppr.INFO: Ruta solicitada:  {"Controlador":null,"Accion":"index"} []
[2019-04-08 08:51:35] ppr.INFO: Kernel ha sido lanzado [] []
[2019-04-08 08:51:35] ppr.INFO: Ruta solicitada:  {"Controlador":null,"Accion":"index"} []
[2019-04-08 08:52:17] ppr.INFO: Kernel ha sido lanzado [] []
[2019-04-08 08:52:17] ppr.INFO: Ruta solicitada:  {"Controlador":null,"Accion":"index"} []
[2019-04-08 08:52:24] ppr.INFO: Kernel ha sido lanzado [] []
[2019-04-08 08:52:24] ppr.INFO: Ruta solicitada:  {"Controlador":null,"Accion":"index"} []
[2019-04-08 08:52:40] ppr.INFO: Kernel ha sido lanzado [] []
[2019-04-08 08:52:40] ppr.INFO: Ruta solicitada:  {"Controlador":null,"Accion":"index"} []
[2019-04-08 08:53:19] ppr.INFO: Kernel ha sido lanzado [] []
[2019-04-08 08:53:19] ppr.INFO: Ruta solicitada:  {"Controlador":null,"Accion":"index"} []
[2019-04-08 08:53:21] ppr.INFO: Kernel ha sido lanzado [] []
[2019-04-08 08:53:21] ppr.INFO: Ruta solicitada:  {"Controlador":null,"Accion":"index"} []
[2019-04-08 08:54:04] ppr.INFO: Kernel ha sido lanzado [] []
[2019-04-08 08:54:04] ppr.INFO: Ruta solicitada:  {"Controlador":null,"Accion":"index"} []
[2019-04-08 08:54:13] ppr.INFO: Kernel ha sido lanzado [] []
[2019-04-08 08:54:13] ppr.INFO: Ruta solicitada:  {"Controlador":null,"Accion":"index"} []
[2019-04-08 08:54:39] ppr.INFO: Kernel ha sido lanzado [] []
[2019-04-08 08:54:39] ppr.INFO: Ruta solicitada:  {"Controlador":null,"Accion":"index"} []
[2019-04-08 08:56:17] ppr.INFO: Kernel ha sido lanzado [] []
[2019-04-08 08:56:17] ppr.INFO: Ruta solicitada:  {"Controlador":null,"Accion":"index"} []
[2019-04-08 08:56:43] ppr.INFO: Kernel ha sido lanzado [] []
[2019-04-08 08:56:43] ppr.INFO: Ruta solicitada:  {"Controlador":null,"Accion":"index"} []
[2019-04-08 08:57:28] ppr.INFO: Kernel ha sido lanzado [] []
[2019-04-08 08:57:28] ppr.INFO: Ruta solicitada:  {"Controlador":null,"Accion":"index"} []
[2019-04-08 08:57:39] ppr.INFO: Kernel ha sido lanzado [] []
[2019-04-08 08:57:39] ppr.INFO: Ruta solicitada:  {"Controlador":null,"Accion":"index"} []
[2019-04-08 08:57:48] ppr.INFO: Kernel ha sido lanzado [] []
[2019-04-08 08:57:48] ppr.INFO: Ruta solicitada:  {"Controlador":null,"Accion":"index"} []
[2019-04-08 08:58:12] ppr.INFO: Kernel ha sido lanzado [] []
[2019-04-08 08:58:12] ppr.INFO: Ruta solicitada:  {"Controlador":null,"Accion":"index"} []
[2019-04-08 08:58:17] ppr.INFO: Kernel ha sido lanzado [] []
[2019-04-08 08:58:17] ppr.INFO: Ruta solicitada:  {"Controlador":null,"Accion":"index"} []
[2019-04-08 08:58:32] ppr.INFO: Kernel ha sido lanzado [] []
[2019-04-08 08:58:32] ppr.INFO: Ruta solicitada:  {"Controlador":null,"Accion":"index"} []
[2019-04-08 09:07:44] ppr.INFO: Kernel ha sido lanzado [] []
[2019-04-08 09:07:44] ppr.INFO: Ruta solicitada:  {"Controlador":null,"Accion":"index"} []
[2019-04-08 09:08:28] ppr.INFO: Kernel ha sido lanzado [] []
[2019-04-08 09:08:28] ppr.INFO: Ruta solicitada:  {"Controlador":null,"Accion":"index"} []
[2019-04-08 09:09:10] ppr.INFO: Kernel ha sido lanzado [] []
[2019-04-08 09:09:10] ppr.INFO: Ruta solicitada:  {"Controlador":null,"Accion":"index"} []
[2019-04-08 09:11:39] ppr.INFO: Kernel ha sido lanzado [] []
[2019-04-08 09:11:39] ppr.INFO: Ruta solicitada:  {"Controlador":null,"Accion":"index"} []
[2019-04-08 09:12:03] ppr.INFO: Kernel ha sido lanzado [] []
[2019-04-08 09:12:03] ppr.INFO: Ruta solicitada:  {"Controlador":null,"Accion":"index"} []
[2019-04-08 09:12:32] ppr.INFO: Kernel ha sido lanzado [] []
[2019-04-08 09:12:32] ppr.INFO: Ruta solicitada:  {"Controlador":null,"Accion":"index"} []
[2019-04-08 09:14:10] ppr.INFO: Kernel ha sido lanzado [] []
[2019-04-08 09:14:10] ppr.INFO: Ruta solicitada:  {"Controlador":null,"Accion":"index"} []
[2019-04-08 09:14:15] ppr.INFO: Kernel ha sido lanzado [] []
[2019-04-08 09:14:15] ppr.INFO: Ruta solicitada:  {"Controlador":null,"Accion":"index"} []
[2019-05-13 12:23:45] ppr.INFO: Kernel ha sido lanzado [] []
[2019-05-13 12:23:45] ppr.INFO: Ruta solicitada:  {"Controlador":null,"Accion":"index"} []
[2019-05-13 12:25:19] ppr.INFO: Kernel ha sido lanzado [] []
[2019-05-13 12:25:19] ppr.INFO: Ruta solicitada:  {"Controlador":null,"Accion":"index"} []
[2019-05-13 12:25:45] ppr.INFO: Kernel ha sido lanzado [] []
[2019-05-13 12:25:45] ppr.INFO: Ruta solicitada:  {"Controlador":null,"Accion":"index"} []
[2019-05-13 12:33:04] ppr.INFO: Kernel ha sido lanzado [] []
[2019-05-13 12:33:04] ppr.INFO: Ruta solicitada:  {"Controlador":null,"Accion":"index"} []
[2019-05-13 12:33:29] ppr.INFO: Kernel ha sido lanzado [] []
[2019-05-13 12:33:29] ppr.INFO: Ruta solicitada:  {"Controlador":null,"Accion":"index"} []
[2019-05-13 12:33:43] ppr.INFO: Kernel ha sido lanzado [] []
[2019-05-13 12:33:43] ppr.INFO: Ruta solicitada:  {"Controlador":null,"Accion":"index"} []
[2019-05-13 12:38:06] ppr.INFO: Kernel ha sido lanzado [] []
[2019-05-13 12:38:06] ppr.INFO: Ruta solicitada:  {"Controlador":null,"Accion":"index"} []
[2019-05-13 12:50:15] ppr.INFO: Kernel ha sido lanzado [] []
[2019-05-13 12:50:15] ppr.INFO: Ruta solicitada:  {"Controlador":null,"Accion":"index"} []
[2019-05-13 12:53:20] ppr.INFO: Kernel ha sido lanzado [] []
[2019-05-13 12:53:20] ppr.INFO: Ruta solicitada:  {"Controlador":null,"Accion":"index"} []
[2019-05-13 12:55:46] ppr.INFO: Kernel ha sido lanzado [] []
[2019-05-13 12:55:46] ppr.INFO: Ruta solicitada:  {"Controlador":null,"Accion":"index"} []
[2019-05-13 12:55:50] ppr.INFO: Kernel ha sido lanzado [] []
[2019-05-13 12:55:50] ppr.INFO: Ruta solicitada:  {"Controlador":null,"Accion":"index"} []
[2019-05-13 12:56:21] ppr.INFO: Kernel ha sido lanzado [] []
[2019-05-13 12:56:21] ppr.INFO: Ruta solicitada:  {"Controlador":null,"Accion":"index"} []
[2019-05-13 12:57:09] ppr.INFO: Kernel ha sido lanzado [] []
[2019-05-13 12:57:09] ppr.INFO: Ruta solicitada:  {"Controlador":null,"Accion":"index"} []
[2019-05-13 12:58:09] ppr.INFO: Kernel ha sido lanzado [] []
[2019-05-13 12:58:09] ppr.INFO: Ruta solicitada:  {"Controlador":null,"Accion":"index"} []
[2019-05-13 13:01:08] ppr.INFO: Kernel ha sido lanzado [] []
[2019-05-13 13:01:08] ppr.INFO: Ruta solicitada:  {"Controlador":null,"Accion":"index"} []
[2019-05-13 13:03:32] ppr.INFO: Kernel ha sido lanzado [] []
[2019-05-13 13:03:32] ppr.INFO: Ruta solicitada:  {"Controlador":null,"Accion":"index"} []
[2019-05-13 13:04:01] ppr.INFO: Kernel ha sido lanzado [] []
[2019-05-13 13:04:01] ppr.INFO: Ruta solicitada:  {"Controlador":null,"Accion":"index"} []
[2019-05-13 13:04:11] ppr.INFO: Kernel ha sido lanzado [] []
[2019-05-13 13:04:11] ppr.INFO: Ruta solicitada:  {"Controlador":null,"Accion":"index"} []
[2019-05-13 13:08:36] ppr.INFO: Kernel ha sido lanzado [] []
[2019-05-13 13:08:36] ppr.INFO: Ruta solicitada:  {"Controlador":null,"Accion":"index"} []
[2019-05-13 13:08:50] ppr.INFO: Kernel ha sido lanzado [] []
[2019-05-13 13:08:50] ppr.INFO: Ruta solicitada:  {"Controlador":null,"Accion":"index"} []
[2019-05-13 13:11:33] ppr.INFO: Kernel ha sido lanzado [] []
[2019-05-13 13:11:33] ppr.INFO: Ruta solicitada:  {"Controlador":null,"Accion":"index"} []
[2019-05-13 13:22:03] ppr.INFO: Kernel ha sido lanzado [] []
[2019-05-13 13:22:03] ppr.INFO: Ruta solicitada:  {"Controlador":null,"Accion":"index"} []
[2019-05-13 13:22:22] ppr.INFO: Kernel ha sido lanzado [] []
[2019-05-13 13:22:22] ppr.INFO: Ruta solicitada:  {"Controlador":null,"Accion":"index"} []
[2019-05-13 13:22:25] ppr.INFO: Kernel ha sido lanzado [] []
[2019-05-13 13:22:25] ppr.INFO: Ruta solicitada:  {"Controlador":null,"Accion":"index"} []
[2019-05-13 13:22:58] ppr.INFO: Kernel ha sido lanzado [] []
[2019-05-13 13:22:58] ppr.INFO: Ruta solicitada:  {"Controlador":null,"Accion":"index"} []
[2019-05-13 13:23:08] ppr.INFO: Kernel ha sido lanzado [] []
[2019-05-13 13:23:08] ppr.INFO: Ruta solicitada:  {"Controlador":null,"Accion":"index"} []
[2019-05-13 13:23:30] ppr.INFO: Kernel ha sido lanzado [] []
[2019-05-13 13:23:30] ppr.INFO: Ruta solicitada:  {"Controlador":null,"Accion":"index"} []
[2019-05-13 13:23:35] ppr.INFO: Kernel ha sido lanzado [] []
[2019-05-13 13:23:35] ppr.INFO: Ruta solicitada:  {"Controlador":null,"Accion":"index"} []
[2019-05-13 13:23:39] ppr.INFO: Kernel ha sido lanzado [] []
[2019-05-13 13:23:39] ppr.INFO: Ruta solicitada:  {"Controlador":null,"Accion":"index"} []
[2019-05-13 13:27:08] ppr.INFO: Kernel ha sido lanzado [] []
[2019-05-13 13:27:08] ppr.INFO: Ruta solicitada:  {"Controlador":null,"Accion":"index"} []
[2019-05-13 13:27:24] ppr.INFO: Kernel ha sido lanzado [] []
[2019-05-13 13:27:24] ppr.INFO: Ruta solicitada:  {"Controlador":null,"Accion":"index"} []
[2019-05-13 13:27:35] ppr.INFO: Kernel ha sido lanzado [] []
[2019-05-13 13:27:35] ppr.INFO: Ruta solicitada:  {"Controlador":null,"Accion":"index"} []
[2019-05-13 13:28:40] ppr.INFO: Kernel ha sido lanzado [] []
[2019-05-13 13:28:40] ppr.INFO: Ruta solicitada:  {"Controlador":null,"Accion":"index"} []
[2019-05-13 13:29:08] ppr.INFO: Kernel ha sido lanzado [] []
[2019-05-13 13:29:08] ppr.INFO: Ruta solicitada:  {"Controlador":null,"Accion":"index"} []
[2019-05-13 13:29:15] ppr.INFO: Kernel ha sido lanzado [] []
[2019-05-13 13:29:15] ppr.INFO: Ruta solicitada:  {"Controlador":null,"Accion":"index"} []
[2019-05-13 13:29:22] ppr.INFO: Kernel ha sido lanzado [] []
[2019-05-13 13:29:22] ppr.INFO: Ruta solicitada:  {"Controlador":null,"Accion":"index"} []
[2019-05-13 13:29:46] ppr.INFO: Kernel ha sido lanzado [] []
[2019-05-13 13:29:46] ppr.INFO: Ruta solicitada:  {"Controlador":null,"Accion":"index"} []
[2019-05-13 13:30:49] ppr.INFO: Kernel ha sido lanzado [] []
[2019-05-13 13:30:49] ppr.INFO: Ruta solicitada:  {"Controlador":null,"Accion":"index"} []
[2019-05-13 13:33:32] ppr.INFO: Kernel ha sido lanzado [] []
[2019-05-13 13:33:32] ppr.INFO: Ruta solicitada:  {"Controlador":null,"Accion":"index"} []
[2019-05-13 13:33:36] ppr.INFO: Kernel ha sido lanzado [] []
[2019-05-13 13:33:36] ppr.INFO: Ruta solicitada:  {"Controlador":null,"Accion":"index"} []
[2019-05-13 13:37:16] ppr.INFO: Kernel ha sido lanzado [] []
[2019-05-13 13:37:16] ppr.INFO: Ruta solicitada:  {"Controlador":null,"Accion":"index"} []
[2019-05-13 13:40:23] ppr.INFO: Kernel ha sido lanzado [] []
[2019-05-13 13:40:23] ppr.INFO: Ruta solicitada:  {"Controlador":null,"Accion":"index"} []
[2019-05-13 13:40:43] ppr.INFO: Kernel ha sido lanzado [] []
[2019-05-13 13:40:43] ppr.INFO: Ruta solicitada:  {"Controlador":null,"Accion":"index"} []
[2019-05-13 13:41:08] ppr.INFO: Kernel ha sido lanzado [] []
[2019-05-13 13:41:08] ppr.INFO: Ruta solicitada:  {"Controlador":null,"Accion":"index"} []
[2019-05-13 13:41:18] ppr.INFO: Kernel ha sido lanzado [] []
[2019-05-13 13:41:18] ppr.INFO: Ruta solicitada:  {"Controlador":null,"Accion":"index"} []
[2019-05-13 13:41:48] ppr.INFO: Kernel ha sido lanzado [] []
[2019-05-13 13:41:48] ppr.INFO: Ruta solicitada:  {"Controlador":null,"Accion":"index"} []
[2019-05-13 20:59:42] ppr.INFO: Kernel ha sido lanzado [] []
[2019-05-13 20:59:42] ppr.INFO: Ruta solicitada:  {"Controlador":null,"Accion":"index"} []
[2019-05-13 20:59:43] ppr.INFO: Kernel ha sido lanzado [] []
[2019-05-13 20:59:43] ppr.INFO: Ruta solicitada:  {"Controlador":null,"Accion":"index"} []
[2019-05-13 21:02:05] ppr.INFO: Kernel ha sido lanzado [] []
[2019-05-13 21:02:05] ppr.INFO: Ruta solicitada:  {"Controlador":null,"Accion":"index"} []
[2019-05-13 21:02:51] ppr.INFO: Kernel ha sido lanzado [] []
[2019-05-13 21:02:51] ppr.INFO: Ruta solicitada:  {"Controlador":null,"Accion":"index"} []
[2019-05-13 21:03:17] ppr.INFO: Kernel ha sido lanzado [] []
[2019-05-13 21:03:17] ppr.INFO: Ruta solicitada:  {"Controlador":null,"Accion":"index"} []
[2019-05-13 21:03:31] ppr.INFO: Kernel ha sido lanzado [] []
[2019-05-13 21:03:31] ppr.INFO: Ruta solicitada:  {"Controlador":null,"Accion":"index"} []
[2019-05-13 21:03:42] ppr.INFO: Kernel ha sido lanzado [] []
[2019-05-13 21:03:42] ppr.INFO: Ruta solicitada:  {"Controlador":null,"Accion":"index"} []
[2019-05-13 21:08:48] ppr.INFO: Kernel ha sido lanzado [] []
[2019-05-13 21:08:48] ppr.INFO: Ruta solicitada:  {"Controlador":null,"Accion":"index"} []
[2019-05-13 21:10:11] ppr.INFO: Kernel ha sido lanzado [] []
[2019-05-13 21:10:11] ppr.INFO: Ruta solicitada:  {"Controlador":null,"Accion":"index"} []
[2019-05-13 21:11:54] ppr.INFO: Kernel ha sido lanzado [] []
[2019-05-13 21:11:54] ppr.INFO: Ruta solicitada:  {"Controlador":null,"Accion":"index"} []
[2019-05-13 21:12:59] ppr.INFO: Kernel ha sido lanzado [] []
[2019-05-13 21:12:59] ppr.INFO: Ruta solicitada:  {"Controlador":null,"Accion":"index"} []
[2019-05-13 21:15:16] ppr.INFO: Kernel ha sido lanzado [] []
[2019-05-13 21:15:16] ppr.INFO: Ruta solicitada:  {"Controlador":null,"Accion":"index"} []
[2019-05-13 21:15:50] ppr.INFO: Kernel ha sido lanzado [] []
[2019-05-13 21:15:50] ppr.INFO: Ruta solicitada:  {"Controlador":null,"Accion":"index"} []
[2019-05-13 21:16:29] ppr.INFO: Kernel ha sido lanzado [] []
[2019-05-13 21:16:29] ppr.INFO: Ruta solicitada:  {"Controlador":null,"Accion":"index"} []
[2019-05-13 21:16:56] ppr.INFO: Kernel ha sido lanzado [] []
[2019-05-13 21:16:56] ppr.INFO: Ruta solicitada:  {"Controlador":null,"Accion":"index"} []
[2019-05-13 21:18:35] ppr.INFO: Kernel ha sido lanzado [] []
[2019-05-13 21:18:35] ppr.INFO: Ruta solicitada:  {"Controlador":null,"Accion":"index"} []
[2019-05-13 22:17:40] ppr.INFO: Kernel ha sido lanzado [] []
[2019-05-13 22:17:40] ppr.INFO: Ruta solicitada:  {"Controlador":null,"Accion":"index"} []
[2019-05-13 23:54:25] ppr.INFO: Kernel ha sido lanzado [] []
[2019-05-13 23:54:25] ppr.INFO: Ruta solicitada:  {"Controlador":null,"Accion":"index"} []
[2019-05-13 23:55:21] ppr.INFO: Kernel ha sido lanzado [] []
[2019-05-13 23:55:21] ppr.INFO: Ruta solicitada:  {"Controlador":null,"Accion":"index"} []
[2019-05-13 23:55:33] ppr.INFO: Kernel ha sido lanzado [] []
[2019-05-13 23:55:33] ppr.INFO: Ruta solicitada:  {"Controlador":null,"Accion":"index"} []
[2019-05-13 23:57:49] ppr.INFO: Kernel ha sido lanzado [] []
[2019-05-13 23:57:49] ppr.INFO: Ruta solicitada:  {"Controlador":null,"Accion":"index"} []
[2019-05-13 23:58:58] ppr.INFO: Kernel ha sido lanzado [] []
[2019-05-13 23:58:58] ppr.INFO: Ruta solicitada:  {"Controlador":null,"Accion":"index"} []
[2019-05-13 23:59:28] ppr.INFO: Kernel ha sido lanzado [] []
[2019-05-13 23:59:28] ppr.INFO: Ruta solicitada:  {"Controlador":null,"Accion":"index"} []
[2019-05-14 00:14:30] ppr.INFO: Kernel ha sido lanzado [] []
[2019-05-14 00:14:30] ppr.INFO: Ruta solicitada:  {"Controlador":null,"Accion":"index"} []
[2019-05-14 00:15:22] ppr.INFO: Kernel ha sido lanzado [] []
[2019-05-14 00:15:22] ppr.INFO: Ruta solicitada:  {"Controlador":null,"Accion":"index"} []
[2019-05-14 00:16:52] ppr.INFO: Kernel ha sido lanzado [] []
[2019-05-14 00:16:52] ppr.INFO: Ruta solicitada:  {"Controlador":null,"Accion":"index"} []
[2019-05-14 00:17:32] ppr.INFO: Kernel ha sido lanzado [] []
[2019-05-14 00:17:32] ppr.INFO: Ruta solicitada:  {"Controlador":null,"Accion":"index"} []
[2019-05-14 00:19:02] ppr.INFO: Kernel ha sido lanzado [] []
[2019-05-14 00:19:02] ppr.INFO: Ruta solicitada:  {"Controlador":null,"Accion":"index"} []
[2019-05-14 08:43:47] ppr.INFO: Kernel ha sido lanzado [] []
[2019-05-14 08:43:47] ppr.INFO: Ruta solicitada:  {"Controlador":null,"Accion":"index"} []
[2019-05-14 08:46:00] ppr.INFO: Kernel ha sido lanzado [] []
[2019-05-14 08:46:00] ppr.INFO: Ruta solicitada:  {"Controlador":null,"Accion":"index"} []
[2019-05-14 08:46:25] ppr.INFO: Kernel ha sido lanzado [] []
[2019-05-14 08:46:25] ppr.INFO: Ruta solicitada:  {"Controlador":null,"Accion":"index"} []
[2019-05-14 08:48:02] ppr.INFO: Kernel ha sido lanzado [] []
[2019-05-14 08:48:02] ppr.INFO: Ruta solicitada:  {"Controlador":null,"Accion":"index"} []
[2019-05-14 08:55:44] ppr.INFO: Kernel ha sido lanzado [] []
[2019-05-14 08:55:44] ppr.INFO: Ruta solicitada:  {"Controlador":null,"Accion":"index"} []
[2019-05-14 09:00:59] ppr.INFO: Kernel ha sido lanzado [] []
[2019-05-14 09:00:59] ppr.INFO: Ruta solicitada:  {"Controlador":null,"Accion":"index"} []
[2019-05-14 09:01:21] ppr.INFO: Kernel ha sido lanzado [] []
[2019-05-14 09:01:21] ppr.INFO: Ruta solicitada:  {"Controlador":null,"Accion":"index"} []
[2019-05-14 09:56:24] ppr.INFO: Kernel ha sido lanzado [] []
[2019-05-14 09:56:24] ppr.INFO: Ruta solicitada:  {"Controlador":null,"Accion":"index"} []
[2019-05-14 09:56:56] ppr.INFO: Kernel ha sido lanzado [] []
[2019-05-14 09:56:56] ppr.INFO: Ruta solicitada:  {"Controlador":null,"Accion":"index"} []
[2019-05-14 09:57:28] ppr.INFO: Kernel ha sido lanzado [] []
[2019-05-14 09:57:28] ppr.INFO: Ruta solicitada:  {"Controlador":null,"Accion":"index"} []
[2019-05-14 09:57:49] ppr.INFO: Kernel ha sido lanzado [] []
[2019-05-14 09:57:49] ppr.INFO: Ruta solicitada:  {"Controlador":null,"Accion":"index"} []
[2019-05-14 10:10:21] ppr.INFO: Kernel ha sido lanzado [] []
[2019-05-14 10:10:21] ppr.INFO: Ruta solicitada:  {"Controlador":null,"Accion":"index"} []
[2019-05-14 10:10:29] ppr.INFO: Kernel ha sido lanzado [] []
[2019-05-14 10:10:29] ppr.INFO: Ruta solicitada:  {"Controlador":null,"Accion":"index"} []
[2019-05-14 10:10:33] ppr.INFO: Kernel ha sido lanzado [] []
[2019-05-14 10:10:33] ppr.INFO: Ruta solicitada:  {"Controlador":null,"Accion":"index"} []
[2019-05-14 10:12:17] ppr.INFO: Kernel ha sido lanzado [] []
[2019-05-14 10:12:17] ppr.INFO: Ruta solicitada:  {"Controlador":null,"Accion":"index"} []
[2019-05-14 10:12:43] ppr.INFO: Kernel ha sido lanzado [] []
[2019-05-14 10:12:43] ppr.INFO: Ruta solicitada:  {"Controlador":null,"Accion":"index"} []
[2019-05-14 10:13:14] ppr.INFO: Kernel ha sido lanzado [] []
[2019-05-14 10:13:14] ppr.INFO: Ruta solicitada:  {"Controlador":null,"Accion":"index"} []
[2019-05-14 10:13:18] ppr.INFO: Kernel ha sido lanzado [] []
[2019-05-14 10:13:18] ppr.INFO: Ruta solicitada:  {"Controlador":null,"Accion":"index"} []
[2019-05-14 10:13:36] ppr.INFO: Kernel ha sido lanzado [] []
[2019-05-14 10:13:36] ppr.INFO: Ruta solicitada:  {"Controlador":null,"Accion":"index"} []
[2019-05-14 10:13:47] ppr.INFO: Kernel ha sido lanzado [] []
[2019-05-14 10:13:47] ppr.INFO: Ruta solicitada:  {"Controlador":null,"Accion":"index"} []
[2019-05-14 11:36:05] ppr.INFO: Kernel ha sido lanzado [] []
[2019-05-14 11:36:05] ppr.INFO: Ruta solicitada:  {"Controlador":null,"Accion":"index"} []
[2019-05-14 13:26:52] ppr.INFO: Kernel ha sido lanzado [] []
[2019-05-14 13:26:52] ppr.INFO: Ruta solicitada:  {"Controlador":null,"Accion":"index"} []
[2019-05-14 13:44:02] ppr.INFO: Kernel ha sido lanzado [] []
[2019-05-14 13:44:02] ppr.INFO: Ruta solicitada:  {"Controlador":null,"Accion":"index"} []
